[INFO]-[2023/08/04 08:15:52] #################### Start Cloning Job ####################
[info]-[2023/08/04 08:15:52] WP Staging Version: 3.0.0
[info]-[2023/08/04 08:15:52] PHP Version: 8.2.4
[info]-[2023/08/04 08:15:52] Server: Apache/2.4.56 (Win64) OpenSSL/1.1.1t PHP/8.2.4
[info]-[2023/08/04 08:15:52] MySQL: 8.1.0
[info]-[2023/08/04 08:15:52] WP Version: 6.2.2
[info]-[2023/08/04 08:15:52] PHP Memory Limit: 536870912
[info]-[2023/08/04 08:15:52] WP Memory Limit: 41943040
[info]-[2023/08/04 08:15:52] PHP Max Execution Time: 200
[INFO]-[2023/08/04 08:15:52] DB Copy: Creating table wpstg0_actionscheduler_actions
[INFO]-[2023/08/04 08:15:52] DB Copy: Table wp_actionscheduler_actions contains 7 rows 
[INFO]-[2023/08/04 08:15:52] DB Copy: Copy data from wp_actionscheduler_actions to wpstg0_actionscheduler_actions - 0 to 10000 records
[INFO]-[2023/08/04 08:15:53] DB Copy: Creating table wpstg0_actionscheduler_claims
[INFO]-[2023/08/04 08:15:53] DB Copy: Table wp_actionscheduler_claims contains 0 rows 
[INFO]-[2023/08/04 08:15:54] DB Copy: Creating table wpstg0_actionscheduler_groups
[INFO]-[2023/08/04 08:15:54] DB Copy: Table wp_actionscheduler_groups contains 2 rows 
[INFO]-[2023/08/04 08:15:54] DB Copy: Copy data from wp_actionscheduler_groups to wpstg0_actionscheduler_groups - 0 to 10000 records
[INFO]-[2023/08/04 08:15:54] DB Copy: Creating table wpstg0_actionscheduler_logs
[INFO]-[2023/08/04 08:15:54] DB Copy: Table wp_actionscheduler_logs contains 19 rows 
[INFO]-[2023/08/04 08:15:54] DB Copy: Copy data from wp_actionscheduler_logs to wpstg0_actionscheduler_logs - 0 to 10000 records
[INFO]-[2023/08/04 08:15:55] DB Copy: Creating table wpstg0_commentmeta
[INFO]-[2023/08/04 08:15:55] DB Copy: Table wp_commentmeta contains 0 rows 
[INFO]-[2023/08/04 08:15:55] DB Copy: Creating table wpstg0_comments
[INFO]-[2023/08/04 08:15:55] DB Copy: Table wp_comments contains 0 rows 
[INFO]-[2023/08/04 08:15:56] DB Copy: Creating table wpstg0_duplicator_packages
[INFO]-[2023/08/04 08:15:56] DB Copy: Table wp_duplicator_packages contains 0 rows 
[INFO]-[2023/08/04 08:15:56] DB Copy: Creating table wpstg0_e_events
[INFO]-[2023/08/04 08:15:56] DB Copy: Table wp_e_events contains 2 rows 
[INFO]-[2023/08/04 08:15:56] DB Copy: Copy data from wp_e_events to wpstg0_e_events - 0 to 10000 records
[INFO]-[2023/08/04 08:15:57] DB Copy: Creating table wpstg0_e_submissions
[INFO]-[2023/08/04 08:15:57] DB Copy: Table wp_e_submissions contains 0 rows 
[INFO]-[2023/08/04 08:15:57] DB Copy: Creating table wpstg0_e_submissions_actions_log
[INFO]-[2023/08/04 08:15:58] DB Copy: Table wp_e_submissions_actions_log contains 0 rows 
[INFO]-[2023/08/04 08:15:58] DB Copy: Creating table wpstg0_e_submissions_values
[INFO]-[2023/08/04 08:15:58] DB Copy: Table wp_e_submissions_values contains 0 rows 
[INFO]-[2023/08/04 08:15:59] DB Copy: Creating table wpstg0_links
[INFO]-[2023/08/04 08:15:59] DB Copy: Table wp_links contains 0 rows 
[INFO]-[2023/08/04 08:15:59] DB Copy: Creating table wpstg0_options
[INFO]-[2023/08/04 08:15:59] DB Copy: Table wp_options contains 325 rows 
[INFO]-[2023/08/04 08:15:59] DB Copy: Copy data from wp_options to wpstg0_options - 0 to 10000 records
[INFO]-[2023/08/04 08:16:00] DB Copy: Creating table wpstg0_postmeta
[INFO]-[2023/08/04 08:16:00] DB Copy: Table wp_postmeta contains 1462 rows 
[INFO]-[2023/08/04 08:16:00] DB Copy: Copy data from wp_postmeta to wpstg0_postmeta - 0 to 10000 records
[INFO]-[2023/08/04 08:16:01] DB Copy: Creating table wpstg0_posts
[INFO]-[2023/08/04 08:16:01] DB Copy: Table wp_posts contains 191 rows 
[INFO]-[2023/08/04 08:16:01] DB Copy: Copy data from wp_posts to wpstg0_posts - 0 to 10000 records
[INFO]-[2023/08/04 08:16:02] DB Copy: Creating table wpstg0_revslider_css
[INFO]-[2023/08/04 08:16:02] DB Copy: Table wp_revslider_css contains 109 rows 
[INFO]-[2023/08/04 08:16:02] DB Copy: Copy data from wp_revslider_css to wpstg0_revslider_css - 0 to 10000 records
[INFO]-[2023/08/04 08:16:03] DB Copy: Creating table wpstg0_revslider_css_bkp
[INFO]-[2023/08/04 08:16:03] DB Copy: Table wp_revslider_css_bkp contains 109 rows 
[INFO]-[2023/08/04 08:16:03] DB Copy: Copy data from wp_revslider_css_bkp to wpstg0_revslider_css_bkp - 0 to 10000 records
[INFO]-[2023/08/04 08:16:04] DB Copy: Creating table wpstg0_revslider_layer_animations
[INFO]-[2023/08/04 08:16:04] DB Copy: Table wp_revslider_layer_animations contains 0 rows 
[INFO]-[2023/08/04 08:16:05] DB Copy: Creating table wpstg0_revslider_layer_animations_bkp
[INFO]-[2023/08/04 08:16:05] DB Copy: Table wp_revslider_layer_animations_bkp contains 0 rows 
[INFO]-[2023/08/04 08:16:05] DB Copy: Creating table wpstg0_revslider_navigations
[INFO]-[2023/08/04 08:16:05] DB Copy: Table wp_revslider_navigations contains 0 rows 
[INFO]-[2023/08/04 08:16:06] DB Copy: Creating table wpstg0_revslider_navigations_bkp
[INFO]-[2023/08/04 08:16:06] DB Copy: Table wp_revslider_navigations_bkp contains 0 rows 
[INFO]-[2023/08/04 08:16:06] DB Copy: Creating table wpstg0_revslider_sliders
[INFO]-[2023/08/04 08:16:07] DB Copy: Table wp_revslider_sliders contains 0 rows 
[INFO]-[2023/08/04 08:16:07] DB Copy: Creating table wpstg0_revslider_sliders_bkp
[INFO]-[2023/08/04 08:16:07] DB Copy: Table wp_revslider_sliders_bkp contains 0 rows 
[INFO]-[2023/08/04 08:16:08] DB Copy: Creating table wpstg0_revslider_slides
[INFO]-[2023/08/04 08:16:08] DB Copy: Table wp_revslider_slides contains 0 rows 
[INFO]-[2023/08/04 08:16:08] DB Copy: Creating table wpstg0_revslider_slides_bkp
[INFO]-[2023/08/04 08:16:08] DB Copy: Table wp_revslider_slides_bkp contains 0 rows 
[INFO]-[2023/08/04 08:16:09] DB Copy: Creating table wpstg0_revslider_static_slides
[INFO]-[2023/08/04 08:16:09] DB Copy: Table wp_revslider_static_slides contains 0 rows 
[INFO]-[2023/08/04 08:16:10] DB Copy: Creating table wpstg0_revslider_static_slides_bkp
[INFO]-[2023/08/04 08:16:10] DB Copy: Table wp_revslider_static_slides_bkp contains 0 rows 
[INFO]-[2023/08/04 08:16:11] DB Copy: Creating table wpstg0_term_relationships
[INFO]-[2023/08/04 08:16:11] DB Copy: Table wp_term_relationships contains 64 rows 
[INFO]-[2023/08/04 08:16:11] DB Copy: Copy data from wp_term_relationships to wpstg0_term_relationships - 0 to 10000 records
[INFO]-[2023/08/04 08:16:12] DB Copy: Creating table wpstg0_term_taxonomy
[INFO]-[2023/08/04 08:16:12] DB Copy: Table wp_term_taxonomy contains 32 rows 
[INFO]-[2023/08/04 08:16:12] DB Copy: Copy data from wp_term_taxonomy to wpstg0_term_taxonomy - 0 to 10000 records
[INFO]-[2023/08/04 08:16:12] DB Copy: Creating table wpstg0_termmeta
[INFO]-[2023/08/04 08:16:12] DB Copy: Table wp_termmeta contains 16 rows 
[INFO]-[2023/08/04 08:16:12] DB Copy: Copy data from wp_termmeta to wpstg0_termmeta - 0 to 10000 records
[INFO]-[2023/08/04 08:16:13] DB Copy: Creating table wpstg0_terms
[INFO]-[2023/08/04 08:16:13] DB Copy: Table wp_terms contains 32 rows 
[INFO]-[2023/08/04 08:16:13] DB Copy: Copy data from wp_terms to wpstg0_terms - 0 to 10000 records
[INFO]-[2023/08/04 08:16:14] DB Copy: Creating table wpstg0_usermeta
[INFO]-[2023/08/04 08:16:14] DB Copy: Table wp_usermeta contains 48 rows 
[INFO]-[2023/08/04 08:16:14] DB Copy: Copy data from wp_usermeta to wpstg0_usermeta - 0 to 10000 records
[INFO]-[2023/08/04 08:16:14] DB Copy: Creating table wpstg0_users
[INFO]-[2023/08/04 08:16:14] DB Copy: Table wp_users contains 1 rows 
[INFO]-[2023/08/04 08:16:14] DB Copy: Copy data from wp_users to wpstg0_users - 0 to 10000 records
[INFO]-[2023/08/04 08:16:15] DB Copy: Creating table wpstg0_wpmailsmtp_debug_events
[INFO]-[2023/08/04 08:16:15] DB Copy: Table wp_wpmailsmtp_debug_events contains 1 rows 
[INFO]-[2023/08/04 08:16:15] DB Copy: Copy data from wp_wpmailsmtp_debug_events to wpstg0_wpmailsmtp_debug_events - 0 to 10000 records
[INFO]-[2023/08/04 08:16:16] DB Copy: Creating table wpstg0_wpmailsmtp_tasks_meta
[INFO]-[2023/08/04 08:16:16] DB Copy: Table wp_wpmailsmtp_tasks_meta contains 0 rows 
[INFO]-[2023/08/04 08:16:18] DB Search & Replace:  Table wpstg0_actionscheduler_actions 0 to 20000 records
[INFO]-[2023/08/04 08:16:20] DB Search & Replace:  Table wpstg0_actionscheduler_groups 0 to 20000 records
[INFO]-[2023/08/04 08:16:21] DB Search & Replace:  Table wpstg0_actionscheduler_logs 0 to 20000 records
[INFO]-[2023/08/04 08:16:23] DB Search & Replace:  Table wpstg0_e_events 0 to 20000 records
[INFO]-[2023/08/04 08:16:25] DB Search & Replace:  Table wpstg0_options 0 to 20000 records
[INFO]-[2023/08/04 08:16:27] DB Search & Replace:  Table wpstg0_postmeta 0 to 20000 records
[INFO]-[2023/08/04 08:16:27] DB Search & Replace:  Table wpstg0_posts 0 to 20000 records
[INFO]-[2023/08/04 08:16:28] DB Search & Replace:  Table wpstg0_revslider_css 0 to 20000 records
[INFO]-[2023/08/04 08:16:29] DB Search & Replace:  Table wpstg0_revslider_css_bkp 0 to 20000 records
[INFO]-[2023/08/04 08:16:35] DB Search & Replace:  Table wpstg0_term_relationships 0 to 20000 records
[INFO]-[2023/08/04 08:16:36] DB Search & Replace:  Table wpstg0_term_taxonomy 0 to 20000 records
[INFO]-[2023/08/04 08:16:36] DB Search & Replace:  Table wpstg0_termmeta 0 to 20000 records
[INFO]-[2023/08/04 08:16:37] DB Search & Replace:  Table wpstg0_terms 0 to 20000 records
[INFO]-[2023/08/04 08:16:38] DB Search & Replace:  Table wpstg0_usermeta 0 to 20000 records
[INFO]-[2023/08/04 08:16:38] DB Search & Replace:  Table wpstg0_users 0 to 20000 records
[INFO]-[2023/08/04 08:16:39] DB Search & Replace:  Table wpstg0_wpmailsmtp_debug_events 0 to 20000 records
[INFO]-[2023/08/04 08:16:41] Scanning / for its files
[INFO]-[2023/08/04 08:16:42] Scanning wp-content/plugins/ and its sub-directories and files
[INFO]-[2023/08/04 08:16:45] Scanning wp-content/mu-plugins/ and its sub-directories and files
[INFO]-[2023/08/04 08:16:47] Scanning wp-content/themes/ and its sub-directories and files
[INFO]-[2023/08/04 08:16:47] Scanning wp-content/uploads/ and its sub-directories and files
[INFO]-[2023/08/04 08:16:48] Scanning wp-content/ for other directories and files
[INFO]-[2023/08/04 08:16:50] Scanning wp-includes/ for its sub-directories and files
[INFO]-[2023/08/04 08:16:51] Scanning wp-admin/ for its sub-directories and files
[INFO]-[2023/08/04 08:16:53] Copying files...
[INFO]-[2023/08/04 08:16:54] Total 50 files processed
[INFO]-[2023/08/04 08:16:55] Total 100 files processed
[INFO]-[2023/08/04 08:16:56] Total 150 files processed
[INFO]-[2023/08/04 08:16:57] Total 200 files processed
[INFO]-[2023/08/04 08:16:59] Total 250 files processed
[INFO]-[2023/08/04 08:17:00] Total 300 files processed
[INFO]-[2023/08/04 08:17:01] Total 350 files processed
[INFO]-[2023/08/04 08:17:03] Total 400 files processed
[INFO]-[2023/08/04 08:17:04] Total 450 files processed
[INFO]-[2023/08/04 08:17:05] Total 500 files processed
[INFO]-[2023/08/04 08:17:06] Total 550 files processed
[INFO]-[2023/08/04 08:17:08] Total 600 files processed
[INFO]-[2023/08/04 08:17:10] Total 650 files processed
[INFO]-[2023/08/04 08:17:11] Total 700 files processed
[INFO]-[2023/08/04 08:17:12] Total 750 files processed
[INFO]-[2023/08/04 08:17:14] Total 800 files processed
[INFO]-[2023/08/04 08:17:17] Total 850 files processed
[INFO]-[2023/08/04 08:17:19] Total 900 files processed
[INFO]-[2023/08/04 08:17:22] Total 950 files processed
[INFO]-[2023/08/04 08:17:24] Total 1000 files processed
[INFO]-[2023/08/04 08:17:25] Total 1050 files processed
[INFO]-[2023/08/04 08:17:27] Total 1100 files processed
[INFO]-[2023/08/04 08:17:29] Total 1150 files processed
[INFO]-[2023/08/04 08:17:31] Total 1200 files processed
[INFO]-[2023/08/04 08:17:32] Total 1250 files processed
[INFO]-[2023/08/04 08:17:34] Total 1300 files processed
[INFO]-[2023/08/04 08:17:35] Total 1350 files processed
[INFO]-[2023/08/04 08:17:37] Total 1400 files processed
[INFO]-[2023/08/04 08:17:40] Total 1450 files processed
[INFO]-[2023/08/04 08:17:42] Total 1500 files processed
[INFO]-[2023/08/04 08:17:45] Total 1550 files processed
[INFO]-[2023/08/04 08:17:46] Total 1600 files processed
[INFO]-[2023/08/04 08:17:47] Total 1650 files processed
[INFO]-[2023/08/04 08:17:48] Total 1700 files processed
[INFO]-[2023/08/04 08:17:51] Total 1750 files processed
[INFO]-[2023/08/04 08:17:55] Total 1800 files processed
[INFO]-[2023/08/04 08:18:00] Total 1850 files processed
[INFO]-[2023/08/04 08:18:03] Total 1900 files processed
[INFO]-[2023/08/04 08:18:05] Total 1950 files processed
[INFO]-[2023/08/04 08:18:06] Total 2000 files processed
[INFO]-[2023/08/04 08:18:08] Total 2050 files processed
[INFO]-[2023/08/04 08:18:09] Total 2100 files processed
[INFO]-[2023/08/04 08:18:10] Total 2150 files processed
[INFO]-[2023/08/04 08:18:12] Total 2200 files processed
[INFO]-[2023/08/04 08:18:13] Total 2250 files processed
[INFO]-[2023/08/04 08:18:15] Total 2300 files processed
[INFO]-[2023/08/04 08:18:16] Total 2350 files processed
[INFO]-[2023/08/04 08:18:17] Total 2400 files processed
[INFO]-[2023/08/04 08:18:19] Total 2450 files processed
[INFO]-[2023/08/04 08:18:20] Total 2500 files processed
[INFO]-[2023/08/04 08:18:21] Total 2550 files processed
[INFO]-[2023/08/04 08:18:23] Total 2600 files processed
[INFO]-[2023/08/04 08:18:24] Total 2650 files processed
[INFO]-[2023/08/04 08:18:26] Total 2700 files processed
[INFO]-[2023/08/04 08:18:27] Total 2750 files processed
[INFO]-[2023/08/04 08:18:29] Total 2800 files processed
[INFO]-[2023/08/04 08:18:30] Total 2850 files processed
[INFO]-[2023/08/04 08:18:30] Total 2900 files processed
[INFO]-[2023/08/04 08:18:31] Total 2950 files processed
[INFO]-[2023/08/04 08:18:32] Total 3000 files processed
[INFO]-[2023/08/04 08:18:34] Total 3050 files processed
[INFO]-[2023/08/04 08:18:35] Total 3100 files processed
[INFO]-[2023/08/04 08:18:36] Total 3150 files processed
[INFO]-[2023/08/04 08:18:37] Total 3200 files processed
[INFO]-[2023/08/04 08:18:38] Total 3250 files processed
[INFO]-[2023/08/04 08:18:39] Total 3300 files processed
[INFO]-[2023/08/04 08:18:40] Total 3350 files processed
[INFO]-[2023/08/04 08:18:41] Total 3400 files processed
[INFO]-[2023/08/04 08:18:41] Total 3450 files processed
[INFO]-[2023/08/04 08:18:42] Total 3500 files processed
[INFO]-[2023/08/04 08:18:44] Total 3550 files processed
[INFO]-[2023/08/04 08:18:45] Total 3600 files processed
[INFO]-[2023/08/04 08:18:46] Total 3650 files processed
[INFO]-[2023/08/04 08:18:46] Total 3700 files processed
[INFO]-[2023/08/04 08:18:47] Total 3750 files processed
[INFO]-[2023/08/04 08:18:48] Total 3800 files processed
[INFO]-[2023/08/04 08:18:49] Total 3850 files processed
[INFO]-[2023/08/04 08:18:50] Total 3900 files processed
[INFO]-[2023/08/04 08:18:51] Total 3950 files processed
[INFO]-[2023/08/04 08:18:52] Total 4000 files processed
[INFO]-[2023/08/04 08:18:53] Total 4050 files processed
[INFO]-[2023/08/04 08:18:53] Total 4100 files processed
[INFO]-[2023/08/04 08:18:54] Total 4150 files processed
[INFO]-[2023/08/04 08:18:55] Total 4200 files processed
[INFO]-[2023/08/04 08:18:56] Total 4250 files processed
[INFO]-[2023/08/04 08:18:57] Total 4300 files processed
[INFO]-[2023/08/04 08:18:59] Total 4350 files processed
[INFO]-[2023/08/04 08:19:02] Total 4400 files processed
[INFO]-[2023/08/04 08:19:02] Skipping big file: C:/xampp/htdocs/thacodongnai/wp-content/themes/steelthemes-nest/includes/plugins/revslider.zip
[INFO]-[2023/08/04 08:19:05] Total 4450 files processed
[INFO]-[2023/08/04 08:19:06] Total 4500 files processed
[INFO]-[2023/08/04 08:19:07] Total 4550 files processed
[INFO]-[2023/08/04 08:19:09] Total 4600 files processed
[INFO]-[2023/08/04 08:19:10] Total 4650 files processed
[INFO]-[2023/08/04 08:19:11] Total 4700 files processed
[INFO]-[2023/08/04 08:19:13] Skipping big file: C:/xampp/htdocs/thacodongnai/wp-content/uploads/2023/07/scada-30s-k-test.mp4
[INFO]-[2023/08/04 08:19:13] Total 4750 files processed
[INFO]-[2023/08/04 08:19:13] Total 4800 files processed
[INFO]-[2023/08/04 08:19:14] Total 4850 files processed
[INFO]-[2023/08/04 08:19:15] Total 4900 files processed
[INFO]-[2023/08/04 08:19:16] Total 4950 files processed
[INFO]-[2023/08/04 08:19:16] Total 5000 files processed
[INFO]-[2023/08/04 08:19:17] Total 5050 files processed
[INFO]-[2023/08/04 08:19:18] Total 5100 files processed
[INFO]-[2023/08/04 08:19:19] Total 5150 files processed
[INFO]-[2023/08/04 08:19:20] Total 5200 files processed
[INFO]-[2023/08/04 08:19:21] Total 5250 files processed
[INFO]-[2023/08/04 08:19:22] Total 5300 files processed
[INFO]-[2023/08/04 08:19:23] Total 5350 files processed
[INFO]-[2023/08/04 08:19:24] Total 5400 files processed
[INFO]-[2023/08/04 08:19:25] Total 5450 files processed
[INFO]-[2023/08/04 08:19:26] Total 5500 files processed
[INFO]-[2023/08/04 08:19:26] Total 5550 files processed
[INFO]-[2023/08/04 08:19:27] Total 5600 files processed
[INFO]-[2023/08/04 08:19:28] Total 5650 files processed
[INFO]-[2023/08/04 08:19:29] Total 5700 files processed
[INFO]-[2023/08/04 08:19:30] Total 5750 files processed
[INFO]-[2023/08/04 08:19:31] Total 5800 files processed
[INFO]-[2023/08/04 08:19:32] Total 5850 files processed
[INFO]-[2023/08/04 08:19:33] Total 5900 files processed
[INFO]-[2023/08/04 08:19:34] Total 5950 files processed
[INFO]-[2023/08/04 08:19:35] Total 6000 files processed
[INFO]-[2023/08/04 08:19:35] Total 6050 files processed
[INFO]-[2023/08/04 08:19:36] Total 6100 files processed
[INFO]-[2023/08/04 08:19:37] Total 6150 files processed
[INFO]-[2023/08/04 08:19:38] Total 6200 files processed
[INFO]-[2023/08/04 08:19:39] Total 6250 files processed
[INFO]-[2023/08/04 08:19:40] Total 6300 files processed
[INFO]-[2023/08/04 08:19:41] Total 6350 files processed
[INFO]-[2023/08/04 08:19:42] Total 6400 files processed
[INFO]-[2023/08/04 08:19:44] Total 6450 files processed
[INFO]-[2023/08/04 08:19:45] Total 6500 files processed
[INFO]-[2023/08/04 08:19:46] Total 6550 files processed
[INFO]-[2023/08/04 08:19:47] Total 6600 files processed
[INFO]-[2023/08/04 08:19:48] Total 6650 files processed
[INFO]-[2023/08/04 08:19:49] Total 6700 files processed
[INFO]-[2023/08/04 08:19:50] Total 6750 files processed
[INFO]-[2023/08/04 08:19:52] Total 6800 files processed
[INFO]-[2023/08/04 08:19:53] Total 6850 files processed
[INFO]-[2023/08/04 08:19:53] Total 6900 files processed
[INFO]-[2023/08/04 08:19:54] Total 6950 files processed
[INFO]-[2023/08/04 08:19:55] Total 7000 files processed
[INFO]-[2023/08/04 08:19:56] Total 7050 files processed
[INFO]-[2023/08/04 08:19:57] Total 7100 files processed
[INFO]-[2023/08/04 08:19:58] Total 7150 files processed
[INFO]-[2023/08/04 08:19:59] Total 7200 files processed
[INFO]-[2023/08/04 08:19:59] Total 7250 files processed
[INFO]-[2023/08/04 08:20:00] Total 7300 files processed
[INFO]-[2023/08/04 08:20:01] Total 7350 files processed
[INFO]-[2023/08/04 08:20:02] Total 7400 files processed
[INFO]-[2023/08/04 08:20:03] Total 7450 files processed
[INFO]-[2023/08/04 08:20:04] Total 7500 files processed
[INFO]-[2023/08/04 08:20:04] Total 7550 files processed
[INFO]-[2023/08/04 08:20:05] Total 7600 files processed
[INFO]-[2023/08/04 08:20:06] Total 7650 files processed
[INFO]-[2023/08/04 08:20:07] Total 7700 files processed
[INFO]-[2023/08/04 08:20:08] Total 7750 files processed
[INFO]-[2023/08/04 08:20:08] Total 7800 files processed
[INFO]-[2023/08/04 08:20:10] Total 7850 files processed
[INFO]-[2023/08/04 08:20:11] Total 7900 files processed
[INFO]-[2023/08/04 08:20:12] Total 7950 files processed
[INFO]-[2023/08/04 08:20:13] Total 8000 files processed
[INFO]-[2023/08/04 08:20:14] Total 8050 files processed
[INFO]-[2023/08/04 08:20:15] Total 8100 files processed
[INFO]-[2023/08/04 08:20:16] Total 8150 files processed
[INFO]-[2023/08/04 08:20:17] Total 8200 files processed
[INFO]-[2023/08/04 08:20:18] Total 8250 files processed
[INFO]-[2023/08/04 08:20:18] Total 8300 files processed
[INFO]-[2023/08/04 08:20:19] Total 8350 files processed
[INFO]-[2023/08/04 08:20:20] Total 8400 files processed
[INFO]-[2023/08/04 08:20:21] Total 8450 files processed
[INFO]-[2023/08/04 08:20:22] Total 8500 files processed
[INFO]-[2023/08/04 08:20:23] Total 8550 files processed
[INFO]-[2023/08/04 08:20:23] Total 8600 files processed
[INFO]-[2023/08/04 08:20:24] Total 8650 files processed
[INFO]-[2023/08/04 08:20:25] Total 8700 files processed
[INFO]-[2023/08/04 08:20:26] Total 8750 files processed
[INFO]-[2023/08/04 08:20:27] Total 8800 files processed
[INFO]-[2023/08/04 08:20:28] Total 8850 files processed
[INFO]-[2023/08/04 08:20:29] Total 8900 files processed
[INFO]-[2023/08/04 08:20:29] Total 8950 files processed
[INFO]-[2023/08/04 08:20:30] Total 9000 files processed
[INFO]-[2023/08/04 08:20:31] Total 9050 files processed
[INFO]-[2023/08/04 08:20:32] Total 9100 files processed
[INFO]-[2023/08/04 08:20:33] Total 9150 files processed
[INFO]-[2023/08/04 08:20:33] Total 9200 files processed
[INFO]-[2023/08/04 08:20:35] Skipping big file: C:/xampp/htdocs/thacodongnai/wp-content/themes/steelthemes-nest/includes/plugins/revslider.zip
[INFO]-[2023/08/04 08:20:35] Total 9250 files processed
[INFO]-[2023/08/04 08:20:36] Total 9300 files processed
[INFO]-[2023/08/04 08:20:37] Total 9350 files processed
[INFO]-[2023/08/04 08:20:38] Total 9400 files processed
[INFO]-[2023/08/04 08:20:39] Total 9450 files processed
[INFO]-[2023/08/04 08:20:40] Total 9500 files processed
[INFO]-[2023/08/04 08:20:41] Total 9550 files processed
[INFO]-[2023/08/04 08:20:42] Skipping big file: C:/xampp/htdocs/thacodongnai/wp-content/uploads/2023/07/scada-30s-k-test.mp4
[INFO]-[2023/08/04 08:20:42] Total 9600 files processed
[INFO]-[2023/08/04 08:20:43] Total 9650 files processed
[INFO]-[2023/08/04 08:20:44] Total 9700 files processed
[INFO]-[2023/08/04 08:20:45] Total 9750 files processed
[INFO]-[2023/08/04 08:20:46] Total 9800 files processed
[INFO]-[2023/08/04 08:20:47] Total 9850 files processed
[INFO]-[2023/08/04 08:20:48] Total 9900 files processed
[INFO]-[2023/08/04 08:20:49] Total 9950 files processed
[INFO]-[2023/08/04 08:20:49] Total 10000 files processed
[INFO]-[2023/08/04 08:20:50] Total 10050 files processed
[INFO]-[2023/08/04 08:20:51] Total 10100 files processed
[INFO]-[2023/08/04 08:20:52] Total 10150 files processed
[INFO]-[2023/08/04 08:20:53] Total 10200 files processed
[INFO]-[2023/08/04 08:20:53] Total 10250 files processed
[INFO]-[2023/08/04 08:20:54] Total 10300 files processed
[INFO]-[2023/08/04 08:20:56] Total 10350 files processed
[INFO]-[2023/08/04 08:20:57] Total 10400 files processed
[INFO]-[2023/08/04 08:20:59] Total 10450 files processed
[INFO]-[2023/08/04 08:21:00] Total 10500 files processed
[INFO]-[2023/08/04 08:21:01] Total 10550 files processed
[INFO]-[2023/08/04 08:21:03] Total 10600 files processed
[INFO]-[2023/08/04 08:21:05] Total 10650 files processed
[INFO]-[2023/08/04 08:21:06] Total 10700 files processed
[INFO]-[2023/08/04 08:21:07] Total 10750 files processed
[INFO]-[2023/08/04 08:21:10] Total 10800 files processed
[INFO]-[2023/08/04 08:21:12] Total 10850 files processed
[INFO]-[2023/08/04 08:21:14] Total 10900 files processed
[INFO]-[2023/08/04 08:21:17] Total 10950 files processed
[INFO]-[2023/08/04 08:21:19] Total 11000 files processed
[INFO]-[2023/08/04 08:21:24] Total 11050 files processed
[INFO]-[2023/08/04 08:21:27] Total 11100 files processed
[INFO]-[2023/08/04 08:21:28] Total 11150 files processed
[INFO]-[2023/08/04 08:21:30] Total 11200 files processed
[INFO]-[2023/08/04 08:21:31] Total 11250 files processed
[INFO]-[2023/08/04 08:21:32] Total 11300 files processed
[INFO]-[2023/08/04 08:21:33] Total 11350 files processed
[INFO]-[2023/08/04 08:21:35] Total 11400 files processed
[INFO]-[2023/08/04 08:21:36] Total 11450 files processed
[INFO]-[2023/08/04 08:21:37] Total 11500 files processed
[INFO]-[2023/08/04 08:21:39] Total 11550 files processed
[INFO]-[2023/08/04 08:21:41] Total 11600 files processed
[INFO]-[2023/08/04 08:21:42] Total 11650 files processed
[INFO]-[2023/08/04 08:21:43] Total 11700 files processed
[INFO]-[2023/08/04 08:21:45] Total 11750 files processed
[INFO]-[2023/08/04 08:21:46] Total 11800 files processed
[INFO]-[2023/08/04 08:21:48] Total 11850 files processed
[INFO]-[2023/08/04 08:21:50] Total 11900 files processed
[INFO]-[2023/08/04 08:21:55] Total 11950 files processed
[INFO]-[2023/08/04 08:21:56] Total 12000 files processed
[INFO]-[2023/08/04 08:21:58] Total 12050 files processed
[INFO]-[2023/08/04 08:22:01] Total 12100 files processed
[INFO]-[2023/08/04 08:22:05] Skipped symlinking Wp Uploads Folder
[INFO]-[2023/08/04 08:22:05] Copying files finished
[INFO]-[2023/08/04 08:22:06] DB Data Step 0: Copy wp-config.php file
[INFO]-[2023/08/04 08:22:06] DB Data Step 0: Skipping: wp-config.php already exists in C:\xampp\htdocs\thacodongnai\1691111750772/wp-config.php
[INFO]-[2023/08/04 08:22:06] DB Data Step 1: Updating siteurl and homeurl in wpstg0_options to http://localhost:8080/thacodongnai/1691111750772
[INFO]-[2023/08/04 08:22:07] DB Data Step 3: Updating db prefix in wpstg0_usermeta.
[INFO]-[2023/08/04 08:22:08] DB Data Step 4: Updating table_prefix in C:\xampp\htdocs\thacodongnai\1691111750772/wp-config.php to wpstg0_
[INFO]-[2023/08/04 08:22:08] DB Data Step 5: WP installation is not in a subdirectory! Skipping this step
[INFO]-[2023/08/04 08:22:09] DB Data Step 6: Updating db prefix in wpstg0_options.
[INFO]-[2023/08/04 08:22:09] DB Data Step 7: Updating constants in wp-config.php
[INFO]-[2023/08/04 08:22:09] DB Data Step 7: Added constant:WP_LANG_DIR
[INFO]-[2023/08/04 08:22:09] DB Data Step 7: Added constant:WP_HOME
[INFO]-[2023/08/04 08:22:09] DB Data Step 7: Added constant:WP_SITEURL
[INFO]-[2023/08/04 08:22:09] DB Data Step 7: Added constant:WP_CACHE
[INFO]-[2023/08/04 08:22:09] DB Data Step 7: Added constant:DISABLE_WP_CRON
[INFO]-[2023/08/04 08:22:09] DB Data Step 7: Added constant:WP_ENVIRONMENT_TYPE
[INFO]-[2023/08/04 08:22:09] DB Data Step 7: Added constant:UPLOADS
[INFO]-[2023/08/04 08:22:09] DB Data Step 7: Added constant:WP_PLUGIN_DIR
[INFO]-[2023/08/04 08:22:09] DB Data Step 7: Added constant:WP_PLUGIN_URL
[INFO]-[2023/08/04 08:22:09] DB Data Step 7: Skipping: WP_ALLOW_MULTISITE not defined in wp-config.php.
[INFO]-[2023/08/04 08:22:09] DB Data Step 7: Skipping: MULTISITE not defined in wp-config.php.
[INFO]-[2023/08/04 08:22:11] Finish: Deleting clone job's cache files...
[INFO]-[2023/08/04 08:22:11] Finish: Clone job's cache files have been deleted!
[INFO]-[2023/08/04 08:22:11] Finish: Verifying existing clones...
[INFO]-[2023/08/04 08:22:11] Finish: The job finished!
[INFO]-[2023/08/04 08:22:11] Finish: Adding Excluded files option...
[INFO]-[2023/08/04 08:22:11] Finish: Successfully added excluded files option in clone database!
[info]-[2023/08/04 08:22:11] ################## FINISH ##################
