[INFO]-[2023/08/04 08:25:41] Delete staging site: C:\xampp\htdocs\thacodongnai\1691111750772/
[INFO]-[2023/08/04 08:25:42] Delete staging site: C:\xampp\htdocs\thacodongnai\1691111750772/
[INFO]-[2023/08/04 08:25:40] Delete staging site: C:\xampp\htdocs\thacodongnai\1691111750772/
[INFO]-[2023/08/04 08:25:44] Delete staging site: C:\xampp\htdocs\thacodongnai\1691111750772/
[INFO]-[2023/08/04 08:25:45] Delete staging site: C:\xampp\htdocs\thacodongnai\1691111750772/
[INFO]-[2023/08/04 08:25:46] Delete staging site: C:\xampp\htdocs\thacodongnai\1691111750772/
[INFO]-[2023/08/04 08:25:44] Delete staging site: C:\xampp\htdocs\thacodongnai\1691111750772/
[INFO]-[2023/08/04 08:25:46] Delete staging site: C:\xampp\htdocs\thacodongnai\1691111750772/
[INFO]-[2023/08/04 08:25:46] Delete staging site: C:\xampp\htdocs\thacodongnai\1691111750772/
[INFO]-[2023/08/04 08:25:47] Delete staging site: C:\xampp\htdocs\thacodongnai\1691111750772/
[INFO]-[2023/08/04 08:25:47] Delete staging site: C:\xampp\htdocs\thacodongnai\1691111750772/
[INFO]-[2023/08/04 08:25:47] Delete staging site: C:\xampp\htdocs\thacodongnai\1691111750772/
[INFO]-[2023/08/04 08:25:49] Verifying existing clones...
[INFO]-[2023/08/04 08:25:49] Delete: Nothing to save.'
[INFO]-[2023/08/04 08:25:49] Delete staging site: C:\xampp\htdocs\thacodongnai\1691111750772/
[INFO]-[2023/08/04 08:25:49] Verifying existing clones...
[FATAL]-[2023/08/04 08:25:56] Couldn't find clone name 1691111750772 or no existing clone
[FATAL]-[2023/08/04 08:25:57] Couldn't find clone name 1691111750772 or no existing clone
[FATAL]-[2023/08/04 08:25:57] Couldn't find clone name 1691111750772 or no existing clone
[FATAL]-[2023/08/04 08:25:57] Couldn't find clone name 1691111750772 or no existing clone
[FATAL]-[2023/08/04 08:25:58] Couldn't find clone name 1691111750772 or no existing clone
[FATAL]-[2023/08/04 08:25:58] Couldn't find clone name 1691111750772 or no existing clone
[FATAL]-[2023/08/04 08:25:59] Couldn't find clone name 1691111750772 or no existing clone
[FATAL]-[2023/08/04 08:25:59] Couldn't find clone name 1691111750772 or no existing clone
[FATAL]-[2023/08/04 08:25:59] Couldn't find clone name 1691111750772 or no existing clone
[FATAL]-[2023/08/04 08:25:59] Couldn't find clone name 1691111750772 or no existing clone
[FATAL]-[2023/08/04 08:25:59] Couldn't find clone name 1691111750772 or no existing clone
[FATAL]-[2023/08/04 08:26:00] Couldn't find clone name 1691111750772 or no existing clone
[FATAL]-[2023/08/04 08:26:00] Couldn't find clone name 1691111750772 or no existing clone
[FATAL]-[2023/08/04 08:26:00] Couldn't find clone name 1691111750772 or no existing clone
[FATAL]-[2023/08/04 08:26:00] Couldn't find clone name 1691111750772 or no existing clone
[FATAL]-[2023/08/04 08:26:01] Couldn't find clone name 1691111750772 or no existing clone
[FATAL]-[2023/08/04 08:26:01] Couldn't find clone name 1691111750772 or no existing clone
[FATAL]-[2023/08/04 08:26:01] Couldn't find clone name 1691111750772 or no existing clone
[FATAL]-[2023/08/04 08:26:02] Couldn't find clone name 1691111750772 or no existing clone
[FATAL]-[2023/08/04 08:26:02] Couldn't find clone name 1691111750772 or no existing clone
[FATAL]-[2023/08/04 08:26:02] Couldn't find clone name 1691111750772 or no existing clone
[FATAL]-[2023/08/04 08:26:03] Couldn't find clone name 1691111750772 or no existing clone
[FATAL]-[2023/08/04 08:26:03] Couldn't find clone name 1691111750772 or no existing clone
[FATAL]-[2023/08/04 08:26:03] Couldn't find clone name 1691111750772 or no existing clone
[FATAL]-[2023/08/04 08:26:04] Couldn't find clone name 1691111750772 or no existing clone
[FATAL]-[2023/08/04 08:26:04] Couldn't find clone name 1691111750772 or no existing clone
[FATAL]-[2023/08/04 08:26:04] Couldn't find clone name 1691111750772 or no existing clone
[FATAL]-[2023/08/04 08:26:04] Couldn't find clone name 1691111750772 or no existing clone
[FATAL]-[2023/08/04 08:26:05] Couldn't find clone name 1691111750772 or no existing clone
[FATAL]-[2023/08/04 08:26:05] Couldn't find clone name 1691111750772 or no existing clone
[FATAL]-[2023/08/04 08:26:06] Couldn't find clone name 1691111750772 or no existing clone
[FATAL]-[2023/08/04 08:26:06] Couldn't find clone name 1691111750772 or no existing clone
[FATAL]-[2023/08/04 08:26:06] Couldn't find clone name 1691111750772 or no existing clone
[FATAL]-[2023/08/04 08:26:06] Couldn't find clone name 1691111750772 or no existing clone
[FATAL]-[2023/08/04 08:26:07] Couldn't find clone name 1691111750772 or no existing clone
[FATAL]-[2023/08/04 08:26:07] Couldn't find clone name 1691111750772 or no existing clone
[FATAL]-[2023/08/04 08:26:08] Couldn't find clone name 1691111750772 or no existing clone
[FATAL]-[2023/08/04 08:26:08] Couldn't find clone name 1691111750772 or no existing clone
[FATAL]-[2023/08/04 08:26:08] Couldn't find clone name 1691111750772 or no existing clone
[FATAL]-[2023/08/04 08:26:09] Couldn't find clone name 1691111750772 or no existing clone
[FATAL]-[2023/08/04 08:26:09] Couldn't find clone name 1691111750772 or no existing clone
[FATAL]-[2023/08/04 08:26:09] Couldn't find clone name 1691111750772 or no existing clone
[FATAL]-[2023/08/04 08:26:10] Couldn't find clone name 1691111750772 or no existing clone
[FATAL]-[2023/08/04 08:26:10] Couldn't find clone name 1691111750772 or no existing clone
[FATAL]-[2023/08/04 08:26:10] Couldn't find clone name 1691111750772 or no existing clone
[FATAL]-[2023/08/04 08:26:11] Couldn't find clone name 1691111750772 or no existing clone
[FATAL]-[2023/08/04 08:26:11] Couldn't find clone name 1691111750772 or no existing clone
[FATAL]-[2023/08/04 08:26:11] Couldn't find clone name 1691111750772 or no existing clone
[FATAL]-[2023/08/04 08:26:12] Couldn't find clone name 1691111750772 or no existing clone
[FATAL]-[2023/08/04 08:26:12] Couldn't find clone name 1691111750772 or no existing clone
[FATAL]-[2023/08/04 08:26:13] Couldn't find clone name 1691111750772 or no existing clone
[FATAL]-[2023/08/04 08:26:13] Couldn't find clone name 1691111750772 or no existing clone
[FATAL]-[2023/08/04 08:26:13] Couldn't find clone name 1691111750772 or no existing clone
[FATAL]-[2023/08/04 08:26:14] Couldn't find clone name 1691111750772 or no existing clone
[FATAL]-[2023/08/04 08:26:14] Couldn't find clone name 1691111750772 or no existing clone
[FATAL]-[2023/08/04 08:26:15] Couldn't find clone name 1691111750772 or no existing clone
[FATAL]-[2023/08/04 08:26:15] Couldn't find clone name 1691111750772 or no existing clone
[FATAL]-[2023/08/04 08:26:15] Couldn't find clone name 1691111750772 or no existing clone
[FATAL]-[2023/08/04 08:26:15] Couldn't find clone name 1691111750772 or no existing clone
[FATAL]-[2023/08/04 08:26:16] Couldn't find clone name 1691111750772 or no existing clone
[FATAL]-[2023/08/04 08:26:16] Couldn't find clone name 1691111750772 or no existing clone
[FATAL]-[2023/08/04 08:26:17] Couldn't find clone name 1691111750772 or no existing clone
[FATAL]-[2023/08/04 08:26:17] Couldn't find clone name 1691111750772 or no existing clone
[FATAL]-[2023/08/04 08:26:17] Couldn't find clone name 1691111750772 or no existing clone
[FATAL]-[2023/08/04 08:26:17] Couldn't find clone name 1691111750772 or no existing clone
[FATAL]-[2023/08/04 08:26:18] Couldn't find clone name 1691111750772 or no existing clone
[FATAL]-[2023/08/04 08:26:18] Couldn't find clone name 1691111750772 or no existing clone
[FATAL]-[2023/08/04 08:26:20] Couldn't find clone name 1691111750772 or no existing clone
[FATAL]-[2023/08/04 08:26:20] Couldn't find clone name 1691111750772 or no existing clone
[FATAL]-[2023/08/04 08:26:21] Couldn't find clone name 1691111750772 or no existing clone
[FATAL]-[2023/08/04 08:26:22] Couldn't find clone name 1691111750772 or no existing clone
[FATAL]-[2023/08/04 08:26:22] Couldn't find clone name 1691111750772 or no existing clone
[FATAL]-[2023/08/04 08:26:22] Couldn't find clone name 1691111750772 or no existing clone
[FATAL]-[2023/08/04 08:26:22] Couldn't find clone name 1691111750772 or no existing clone
[FATAL]-[2023/08/04 08:26:23] Couldn't find clone name 1691111750772 or no existing clone
[FATAL]-[2023/08/04 08:26:23] Couldn't find clone name 1691111750772 or no existing clone
[FATAL]-[2023/08/04 08:26:24] Couldn't find clone name 1691111750772 or no existing clone
[FATAL]-[2023/08/04 08:26:24] Couldn't find clone name 1691111750772 or no existing clone
[FATAL]-[2023/08/04 08:26:25] Couldn't find clone name 1691111750772 or no existing clone
[FATAL]-[2023/08/04 08:26:25] Couldn't find clone name 1691111750772 or no existing clone
[FATAL]-[2023/08/04 08:26:25] Couldn't find clone name 1691111750772 or no existing clone
[FATAL]-[2023/08/04 08:26:26] Couldn't find clone name 1691111750772 or no existing clone
[FATAL]-[2023/08/04 08:26:26] Couldn't find clone name 1691111750772 or no existing clone
[FATAL]-[2023/08/04 08:26:26] Couldn't find clone name 1691111750772 or no existing clone
[FATAL]-[2023/08/04 08:26:27] Couldn't find clone name 1691111750772 or no existing clone
[FATAL]-[2023/08/04 08:26:27] Couldn't find clone name 1691111750772 or no existing clone
[FATAL]-[2023/08/04 08:26:27] Couldn't find clone name 1691111750772 or no existing clone
[FATAL]-[2023/08/04 08:26:27] Couldn't find clone name 1691111750772 or no existing clone
[FATAL]-[2023/08/04 08:26:28] Couldn't find clone name 1691111750772 or no existing clone
[FATAL]-[2023/08/04 08:26:28] Couldn't find clone name 1691111750772 or no existing clone
[FATAL]-[2023/08/04 08:26:28] Couldn't find clone name 1691111750772 or no existing clone
[FATAL]-[2023/08/04 08:26:29] Couldn't find clone name 1691111750772 or no existing clone
[FATAL]-[2023/08/04 08:26:29] Couldn't find clone name 1691111750772 or no existing clone
[FATAL]-[2023/08/04 08:26:29] Couldn't find clone name 1691111750772 or no existing clone
[FATAL]-[2023/08/04 08:26:29] Couldn't find clone name 1691111750772 or no existing clone
[FATAL]-[2023/08/04 08:26:30] Couldn't find clone name 1691111750772 or no existing clone
[FATAL]-[2023/08/04 08:26:30] Couldn't find clone name 1691111750772 or no existing clone
[FATAL]-[2023/08/04 08:26:30] Couldn't find clone name 1691111750772 or no existing clone
[FATAL]-[2023/08/04 08:26:31] Couldn't find clone name 1691111750772 or no existing clone
[FATAL]-[2023/08/04 08:26:31] Couldn't find clone name 1691111750772 or no existing clone
[FATAL]-[2023/08/04 08:26:31] Couldn't find clone name 1691111750772 or no existing clone
[FATAL]-[2023/08/04 08:26:31] Couldn't find clone name 1691111750772 or no existing clone
[FATAL]-[2023/08/04 08:26:32] Couldn't find clone name 1691111750772 or no existing clone
[FATAL]-[2023/08/04 08:26:32] Couldn't find clone name 1691111750772 or no existing clone
[FATAL]-[2023/08/04 08:26:32] Couldn't find clone name 1691111750772 or no existing clone
[FATAL]-[2023/08/04 08:26:33] Couldn't find clone name 1691111750772 or no existing clone
[FATAL]-[2023/08/04 08:26:33] Couldn't find clone name 1691111750772 or no existing clone
[FATAL]-[2023/08/04 08:26:33] Couldn't find clone name 1691111750772 or no existing clone
[FATAL]-[2023/08/04 08:26:34] Couldn't find clone name 1691111750772 or no existing clone
[FATAL]-[2023/08/04 08:26:34] Couldn't find clone name 1691111750772 or no existing clone
[FATAL]-[2023/08/04 08:26:34] Couldn't find clone name 1691111750772 or no existing clone
[FATAL]-[2023/08/04 08:26:35] Couldn't find clone name 1691111750772 or no existing clone
[FATAL]-[2023/08/04 08:26:35] Couldn't find clone name 1691111750772 or no existing clone
[FATAL]-[2023/08/04 08:26:35] Couldn't find clone name 1691111750772 or no existing clone
[FATAL]-[2023/08/04 08:26:36] Couldn't find clone name 1691111750772 or no existing clone
[FATAL]-[2023/08/04 08:26:36] Couldn't find clone name 1691111750772 or no existing clone
[FATAL]-[2023/08/04 08:26:36] Couldn't find clone name 1691111750772 or no existing clone
[FATAL]-[2023/08/04 08:26:36] Couldn't find clone name 1691111750772 or no existing clone
[FATAL]-[2023/08/04 08:26:37] Couldn't find clone name 1691111750772 or no existing clone
[FATAL]-[2023/08/04 08:26:37] Couldn't find clone name 1691111750772 or no existing clone
[FATAL]-[2023/08/04 08:26:37] Couldn't find clone name 1691111750772 or no existing clone
[FATAL]-[2023/08/04 08:26:38] Couldn't find clone name 1691111750772 or no existing clone
[FATAL]-[2023/08/04 08:26:38] Couldn't find clone name 1691111750772 or no existing clone
[FATAL]-[2023/08/04 08:26:38] Couldn't find clone name 1691111750772 or no existing clone
[FATAL]-[2023/08/04 08:26:39] Couldn't find clone name 1691111750772 or no existing clone
[FATAL]-[2023/08/04 08:26:39] Couldn't find clone name 1691111750772 or no existing clone
[FATAL]-[2023/08/04 08:26:39] Couldn't find clone name 1691111750772 or no existing clone
[FATAL]-[2023/08/04 08:26:40] Couldn't find clone name 1691111750772 or no existing clone
[FATAL]-[2023/08/04 08:26:40] Couldn't find clone name 1691111750772 or no existing clone
[FATAL]-[2023/08/04 08:26:40] Couldn't find clone name 1691111750772 or no existing clone
[FATAL]-[2023/08/04 08:26:41] Couldn't find clone name 1691111750772 or no existing clone
[FATAL]-[2023/08/04 08:26:41] Couldn't find clone name 1691111750772 or no existing clone
[FATAL]-[2023/08/04 08:26:41] Couldn't find clone name 1691111750772 or no existing clone
[FATAL]-[2023/08/04 08:26:42] Couldn't find clone name 1691111750772 or no existing clone
[FATAL]-[2023/08/04 08:26:42] Couldn't find clone name 1691111750772 or no existing clone
[FATAL]-[2023/08/04 08:26:42] Couldn't find clone name 1691111750772 or no existing clone
[FATAL]-[2023/08/04 08:26:43] Couldn't find clone name 1691111750772 or no existing clone
[FATAL]-[2023/08/04 08:26:44] Couldn't find clone name 1691111750772 or no existing clone
[FATAL]-[2023/08/04 08:26:44] Couldn't find clone name 1691111750772 or no existing clone
[FATAL]-[2023/08/04 08:26:44] Couldn't find clone name 1691111750772 or no existing clone
[FATAL]-[2023/08/04 08:26:44] Couldn't find clone name 1691111750772 or no existing clone
[FATAL]-[2023/08/04 08:26:45] Couldn't find clone name 1691111750772 or no existing clone
[FATAL]-[2023/08/04 08:26:45] Couldn't find clone name 1691111750772 or no existing clone
[FATAL]-[2023/08/04 08:26:45] Couldn't find clone name 1691111750772 or no existing clone
[FATAL]-[2023/08/04 08:26:46] Couldn't find clone name 1691111750772 or no existing clone
[FATAL]-[2023/08/04 08:26:46] Couldn't find clone name 1691111750772 or no existing clone
[FATAL]-[2023/08/04 08:26:46] Couldn't find clone name 1691111750772 or no existing clone
[FATAL]-[2023/08/04 08:26:47] Couldn't find clone name 1691111750772 or no existing clone
[FATAL]-[2023/08/04 08:26:47] Couldn't find clone name 1691111750772 or no existing clone
[FATAL]-[2023/08/04 08:26:48] Couldn't find clone name 1691111750772 or no existing clone
[FATAL]-[2023/08/04 08:26:48] Couldn't find clone name 1691111750772 or no existing clone
[FATAL]-[2023/08/04 08:26:48] Couldn't find clone name 1691111750772 or no existing clone
[FATAL]-[2023/08/04 08:26:49] Couldn't find clone name 1691111750772 or no existing clone
[FATAL]-[2023/08/04 08:26:49] Couldn't find clone name 1691111750772 or no existing clone
[FATAL]-[2023/08/04 08:26:49] Couldn't find clone name 1691111750772 or no existing clone
[FATAL]-[2023/08/04 08:26:50] Couldn't find clone name 1691111750772 or no existing clone
[FATAL]-[2023/08/04 08:26:50] Couldn't find clone name 1691111750772 or no existing clone
[FATAL]-[2023/08/04 08:26:50] Couldn't find clone name 1691111750772 or no existing clone
[FATAL]-[2023/08/04 08:26:51] Couldn't find clone name 1691111750772 or no existing clone
[FATAL]-[2023/08/04 08:26:51] Couldn't find clone name 1691111750772 or no existing clone
[FATAL]-[2023/08/04 08:26:51] Couldn't find clone name 1691111750772 or no existing clone
[FATAL]-[2023/08/04 08:26:52] Couldn't find clone name 1691111750772 or no existing clone
[FATAL]-[2023/08/04 08:26:52] Couldn't find clone name 1691111750772 or no existing clone
[FATAL]-[2023/08/04 08:26:53] Couldn't find clone name 1691111750772 or no existing clone
[FATAL]-[2023/08/04 08:26:53] Couldn't find clone name 1691111750772 or no existing clone
[FATAL]-[2023/08/04 08:26:53] Couldn't find clone name 1691111750772 or no existing clone
[FATAL]-[2023/08/04 08:26:54] Couldn't find clone name 1691111750772 or no existing clone
[FATAL]-[2023/08/04 08:26:54] Couldn't find clone name 1691111750772 or no existing clone
[FATAL]-[2023/08/04 08:26:55] Couldn't find clone name 1691111750772 or no existing clone
[FATAL]-[2023/08/04 08:26:55] Couldn't find clone name 1691111750772 or no existing clone
[FATAL]-[2023/08/04 08:26:55] Couldn't find clone name 1691111750772 or no existing clone
[FATAL]-[2023/08/04 08:26:56] Couldn't find clone name 1691111750772 or no existing clone
[FATAL]-[2023/08/04 08:26:56] Couldn't find clone name 1691111750772 or no existing clone
[FATAL]-[2023/08/04 08:26:57] Couldn't find clone name 1691111750772 or no existing clone
[FATAL]-[2023/08/04 08:26:57] Couldn't find clone name 1691111750772 or no existing clone
[FATAL]-[2023/08/04 08:26:57] Couldn't find clone name 1691111750772 or no existing clone
[FATAL]-[2023/08/04 08:26:58] Couldn't find clone name 1691111750772 or no existing clone
[FATAL]-[2023/08/04 08:26:58] Couldn't find clone name 1691111750772 or no existing clone
[FATAL]-[2023/08/04 08:26:58] Couldn't find clone name 1691111750772 or no existing clone
[FATAL]-[2023/08/04 08:26:59] Couldn't find clone name 1691111750772 or no existing clone
[FATAL]-[2023/08/04 08:26:59] Couldn't find clone name 1691111750772 or no existing clone
[FATAL]-[2023/08/04 08:27:00] Couldn't find clone name 1691111750772 or no existing clone
[FATAL]-[2023/08/04 08:27:00] Couldn't find clone name 1691111750772 or no existing clone
[FATAL]-[2023/08/04 08:27:00] Couldn't find clone name 1691111750772 or no existing clone
[FATAL]-[2023/08/04 08:27:01] Couldn't find clone name 1691111750772 or no existing clone
[FATAL]-[2023/08/04 08:27:01] Couldn't find clone name 1691111750772 or no existing clone
[FATAL]-[2023/08/04 08:27:01] Couldn't find clone name 1691111750772 or no existing clone
[FATAL]-[2023/08/04 08:27:02] Couldn't find clone name 1691111750772 or no existing clone
[FATAL]-[2023/08/04 08:27:02] Couldn't find clone name 1691111750772 or no existing clone
[FATAL]-[2023/08/04 08:27:02] Couldn't find clone name 1691111750772 or no existing clone
[FATAL]-[2023/08/04 08:27:03] Couldn't find clone name 1691111750772 or no existing clone
[FATAL]-[2023/08/04 08:27:03] Couldn't find clone name 1691111750772 or no existing clone
[FATAL]-[2023/08/04 08:27:04] Couldn't find clone name 1691111750772 or no existing clone
[FATAL]-[2023/08/04 08:27:04] Couldn't find clone name 1691111750772 or no existing clone
[FATAL]-[2023/08/04 08:27:04] Couldn't find clone name 1691111750772 or no existing clone
[FATAL]-[2023/08/04 08:27:05] Couldn't find clone name 1691111750772 or no existing clone
[FATAL]-[2023/08/04 08:27:05] Couldn't find clone name 1691111750772 or no existing clone
[FATAL]-[2023/08/04 08:27:05] Couldn't find clone name 1691111750772 or no existing clone
[FATAL]-[2023/08/04 08:27:06] Couldn't find clone name 1691111750772 or no existing clone
[FATAL]-[2023/08/04 08:27:06] Couldn't find clone name 1691111750772 or no existing clone
[FATAL]-[2023/08/04 08:27:06] Couldn't find clone name 1691111750772 or no existing clone
[FATAL]-[2023/08/04 08:27:07] Couldn't find clone name 1691111750772 or no existing clone
[FATAL]-[2023/08/04 08:27:07] Couldn't find clone name 1691111750772 or no existing clone
[FATAL]-[2023/08/04 08:27:08] Couldn't find clone name 1691111750772 or no existing clone
[FATAL]-[2023/08/04 08:27:08] Couldn't find clone name 1691111750772 or no existing clone
[FATAL]-[2023/08/04 08:27:08] Couldn't find clone name 1691111750772 or no existing clone
[FATAL]-[2023/08/04 08:27:09] Couldn't find clone name 1691111750772 or no existing clone
[FATAL]-[2023/08/04 08:27:09] Couldn't find clone name 1691111750772 or no existing clone
[FATAL]-[2023/08/04 08:27:10] Couldn't find clone name 1691111750772 or no existing clone
[FATAL]-[2023/08/04 08:27:10] Couldn't find clone name 1691111750772 or no existing clone
[FATAL]-[2023/08/04 08:27:10] Couldn't find clone name 1691111750772 or no existing clone
[FATAL]-[2023/08/04 08:27:11] Couldn't find clone name 1691111750772 or no existing clone
[FATAL]-[2023/08/04 08:27:12] Couldn't find clone name 1691111750772 or no existing clone
[FATAL]-[2023/08/04 08:27:12] Couldn't find clone name 1691111750772 or no existing clone
[FATAL]-[2023/08/04 08:27:13] Couldn't find clone name 1691111750772 or no existing clone
[FATAL]-[2023/08/04 08:27:13] Couldn't find clone name 1691111750772 or no existing clone
[FATAL]-[2023/08/04 08:27:13] Couldn't find clone name 1691111750772 or no existing clone
[FATAL]-[2023/08/04 08:27:14] Couldn't find clone name 1691111750772 or no existing clone
[FATAL]-[2023/08/04 08:27:15] Couldn't find clone name 1691111750772 or no existing clone
[FATAL]-[2023/08/04 08:27:16] Couldn't find clone name 1691111750772 or no existing clone
[FATAL]-[2023/08/04 08:27:17] Couldn't find clone name 1691111750772 or no existing clone
[FATAL]-[2023/08/04 08:27:17] Couldn't find clone name 1691111750772 or no existing clone
[FATAL]-[2023/08/04 08:27:18] Couldn't find clone name 1691111750772 or no existing clone
[FATAL]-[2023/08/04 08:27:18] Couldn't find clone name 1691111750772 or no existing clone
[FATAL]-[2023/08/04 08:27:20] Couldn't find clone name 1691111750772 or no existing clone
[FATAL]-[2023/08/04 08:27:20] Couldn't find clone name 1691111750772 or no existing clone
[FATAL]-[2023/08/04 08:27:21] Couldn't find clone name 1691111750772 or no existing clone
[FATAL]-[2023/08/04 08:27:21] Couldn't find clone name 1691111750772 or no existing clone
[FATAL]-[2023/08/04 08:27:22] Couldn't find clone name 1691111750772 or no existing clone
[FATAL]-[2023/08/04 08:27:22] Couldn't find clone name 1691111750772 or no existing clone
[FATAL]-[2023/08/04 08:27:22] Couldn't find clone name 1691111750772 or no existing clone
[FATAL]-[2023/08/04 08:27:23] Couldn't find clone name 1691111750772 or no existing clone
[FATAL]-[2023/08/04 08:27:23] Couldn't find clone name 1691111750772 or no existing clone
[FATAL]-[2023/08/04 08:27:24] Couldn't find clone name 1691111750772 or no existing clone
[FATAL]-[2023/08/04 08:27:24] Couldn't find clone name 1691111750772 or no existing clone
[FATAL]-[2023/08/04 08:27:24] Couldn't find clone name 1691111750772 or no existing clone
[FATAL]-[2023/08/04 08:27:24] Couldn't find clone name 1691111750772 or no existing clone
[FATAL]-[2023/08/04 08:27:25] Couldn't find clone name 1691111750772 or no existing clone
[FATAL]-[2023/08/04 08:27:25] Couldn't find clone name 1691111750772 or no existing clone
[FATAL]-[2023/08/04 08:27:26] Couldn't find clone name 1691111750772 or no existing clone
[FATAL]-[2023/08/04 08:27:26] Couldn't find clone name 1691111750772 or no existing clone
[FATAL]-[2023/08/04 08:27:27] Couldn't find clone name 1691111750772 or no existing clone
[FATAL]-[2023/08/04 08:27:27] Couldn't find clone name 1691111750772 or no existing clone
[FATAL]-[2023/08/04 08:27:28] Couldn't find clone name 1691111750772 or no existing clone
[FATAL]-[2023/08/04 08:27:28] Couldn't find clone name 1691111750772 or no existing clone
[FATAL]-[2023/08/04 08:27:28] Couldn't find clone name 1691111750772 or no existing clone
[FATAL]-[2023/08/04 08:27:29] Couldn't find clone name 1691111750772 or no existing clone
[FATAL]-[2023/08/04 08:27:29] Couldn't find clone name 1691111750772 or no existing clone
[FATAL]-[2023/08/04 08:27:30] Couldn't find clone name 1691111750772 or no existing clone
[FATAL]-[2023/08/04 08:27:30] Couldn't find clone name 1691111750772 or no existing clone
[FATAL]-[2023/08/04 08:27:30] Couldn't find clone name 1691111750772 or no existing clone
[FATAL]-[2023/08/04 08:27:31] Couldn't find clone name 1691111750772 or no existing clone
[FATAL]-[2023/08/04 08:27:31] Couldn't find clone name 1691111750772 or no existing clone
[FATAL]-[2023/08/04 08:27:32] Couldn't find clone name 1691111750772 or no existing clone
[FATAL]-[2023/08/04 08:27:32] Couldn't find clone name 1691111750772 or no existing clone
[FATAL]-[2023/08/04 08:27:32] Couldn't find clone name 1691111750772 or no existing clone
[FATAL]-[2023/08/04 08:27:33] Couldn't find clone name 1691111750772 or no existing clone
[FATAL]-[2023/08/04 08:27:33] Couldn't find clone name 1691111750772 or no existing clone
[FATAL]-[2023/08/04 08:27:34] Couldn't find clone name 1691111750772 or no existing clone
[FATAL]-[2023/08/04 08:27:34] Couldn't find clone name 1691111750772 or no existing clone
[FATAL]-[2023/08/04 08:27:34] Couldn't find clone name 1691111750772 or no existing clone
[FATAL]-[2023/08/04 08:27:35] Couldn't find clone name 1691111750772 or no existing clone
[FATAL]-[2023/08/04 08:27:35] Couldn't find clone name 1691111750772 or no existing clone
[FATAL]-[2023/08/04 08:27:35] Couldn't find clone name 1691111750772 or no existing clone
[FATAL]-[2023/08/04 08:27:36] Couldn't find clone name 1691111750772 or no existing clone
[FATAL]-[2023/08/04 08:27:36] Couldn't find clone name 1691111750772 or no existing clone
[FATAL]-[2023/08/04 08:27:37] Couldn't find clone name 1691111750772 or no existing clone
[FATAL]-[2023/08/04 08:27:37] Couldn't find clone name 1691111750772 or no existing clone
[FATAL]-[2023/08/04 08:27:37] Couldn't find clone name 1691111750772 or no existing clone
[FATAL]-[2023/08/04 08:27:38] Couldn't find clone name 1691111750772 or no existing clone
[FATAL]-[2023/08/04 08:27:38] Couldn't find clone name 1691111750772 or no existing clone
[FATAL]-[2023/08/04 08:27:39] Couldn't find clone name 1691111750772 or no existing clone
[FATAL]-[2023/08/04 08:27:40] Couldn't find clone name 1691111750772 or no existing clone
[FATAL]-[2023/08/04 08:27:40] Couldn't find clone name 1691111750772 or no existing clone
[FATAL]-[2023/08/04 08:27:41] Couldn't find clone name 1691111750772 or no existing clone
[FATAL]-[2023/08/04 08:27:42] Couldn't find clone name 1691111750772 or no existing clone
[FATAL]-[2023/08/04 08:27:42] Couldn't find clone name 1691111750772 or no existing clone
[FATAL]-[2023/08/04 08:27:42] Couldn't find clone name 1691111750772 or no existing clone
[FATAL]-[2023/08/04 08:27:42] Couldn't find clone name 1691111750772 or no existing clone
[FATAL]-[2023/08/04 08:27:43] Couldn't find clone name 1691111750772 or no existing clone
[FATAL]-[2023/08/04 08:27:44] Couldn't find clone name 1691111750772 or no existing clone
[FATAL]-[2023/08/04 08:27:44] Couldn't find clone name 1691111750772 or no existing clone
[FATAL]-[2023/08/04 08:27:45] Couldn't find clone name 1691111750772 or no existing clone
[FATAL]-[2023/08/04 08:27:45] Couldn't find clone name 1691111750772 or no existing clone
[FATAL]-[2023/08/04 08:27:45] Couldn't find clone name 1691111750772 or no existing clone
[FATAL]-[2023/08/04 08:27:46] Couldn't find clone name 1691111750772 or no existing clone
[FATAL]-[2023/08/04 08:27:46] Couldn't find clone name 1691111750772 or no existing clone
[FATAL]-[2023/08/04 08:27:46] Couldn't find clone name 1691111750772 or no existing clone
[FATAL]-[2023/08/04 08:27:47] Couldn't find clone name 1691111750772 or no existing clone
[FATAL]-[2023/08/04 08:27:49] Couldn't find clone name 1691111750772 or no existing clone
[FATAL]-[2023/08/04 08:27:49] Couldn't find clone name 1691111750772 or no existing clone
[FATAL]-[2023/08/04 08:27:50] Couldn't find clone name 1691111750772 or no existing clone
[FATAL]-[2023/08/04 08:27:50] Couldn't find clone name 1691111750772 or no existing clone
[FATAL]-[2023/08/04 08:27:51] Couldn't find clone name 1691111750772 or no existing clone
[FATAL]-[2023/08/04 08:27:51] Couldn't find clone name 1691111750772 or no existing clone
[FATAL]-[2023/08/04 08:27:52] Couldn't find clone name 1691111750772 or no existing clone
[FATAL]-[2023/08/04 08:27:53] Couldn't find clone name 1691111750772 or no existing clone
[FATAL]-[2023/08/04 08:27:53] Couldn't find clone name 1691111750772 or no existing clone
[FATAL]-[2023/08/04 08:27:55] Couldn't find clone name 1691111750772 or no existing clone
[FATAL]-[2023/08/04 08:27:55] Couldn't find clone name 1691111750772 or no existing clone
[FATAL]-[2023/08/04 08:27:56] Couldn't find clone name 1691111750772 or no existing clone
[FATAL]-[2023/08/04 08:27:57] Couldn't find clone name 1691111750772 or no existing clone
[FATAL]-[2023/08/04 08:27:57] Couldn't find clone name 1691111750772 or no existing clone
[FATAL]-[2023/08/04 08:27:58] Couldn't find clone name 1691111750772 or no existing clone
[FATAL]-[2023/08/04 08:27:58] Couldn't find clone name 1691111750772 or no existing clone
[FATAL]-[2023/08/04 08:27:59] Couldn't find clone name 1691111750772 or no existing clone
[FATAL]-[2023/08/04 08:28:00] Couldn't find clone name 1691111750772 or no existing clone
[FATAL]-[2023/08/04 08:28:00] Couldn't find clone name 1691111750772 or no existing clone
[FATAL]-[2023/08/04 08:28:01] Couldn't find clone name 1691111750772 or no existing clone
[FATAL]-[2023/08/04 08:28:01] Couldn't find clone name 1691111750772 or no existing clone
[FATAL]-[2023/08/04 08:28:01] Couldn't find clone name 1691111750772 or no existing clone
[FATAL]-[2023/08/04 08:28:02] Couldn't find clone name 1691111750772 or no existing clone
[FATAL]-[2023/08/04 08:28:02] Couldn't find clone name 1691111750772 or no existing clone
[FATAL]-[2023/08/04 08:28:02] Couldn't find clone name 1691111750772 or no existing clone
[FATAL]-[2023/08/04 08:28:03] Couldn't find clone name 1691111750772 or no existing clone
[FATAL]-[2023/08/04 08:28:03] Couldn't find clone name 1691111750772 or no existing clone
[FATAL]-[2023/08/04 08:28:04] Couldn't find clone name 1691111750772 or no existing clone
[FATAL]-[2023/08/04 08:28:05] Couldn't find clone name 1691111750772 or no existing clone
[FATAL]-[2023/08/04 08:28:05] Couldn't find clone name 1691111750772 or no existing clone
[FATAL]-[2023/08/04 08:28:06] Couldn't find clone name 1691111750772 or no existing clone
[FATAL]-[2023/08/04 08:28:07] Couldn't find clone name 1691111750772 or no existing clone
[FATAL]-[2023/08/04 08:28:07] Couldn't find clone name 1691111750772 or no existing clone
[FATAL]-[2023/08/04 08:28:08] Couldn't find clone name 1691111750772 or no existing clone
[FATAL]-[2023/08/04 08:28:08] Couldn't find clone name 1691111750772 or no existing clone
[FATAL]-[2023/08/04 08:28:09] Couldn't find clone name 1691111750772 or no existing clone
[FATAL]-[2023/08/04 08:28:09] Couldn't find clone name 1691111750772 or no existing clone
[FATAL]-[2023/08/04 08:28:09] Couldn't find clone name 1691111750772 or no existing clone
[FATAL]-[2023/08/04 08:28:10] Couldn't find clone name 1691111750772 or no existing clone
[FATAL]-[2023/08/04 08:28:10] Couldn't find clone name 1691111750772 or no existing clone
[FATAL]-[2023/08/04 08:28:10] Couldn't find clone name 1691111750772 or no existing clone
[FATAL]-[2023/08/04 08:28:11] Couldn't find clone name 1691111750772 or no existing clone
[FATAL]-[2023/08/04 08:28:11] Couldn't find clone name 1691111750772 or no existing clone
[FATAL]-[2023/08/04 08:28:12] Couldn't find clone name 1691111750772 or no existing clone
[FATAL]-[2023/08/04 08:28:12] Couldn't find clone name 1691111750772 or no existing clone
[FATAL]-[2023/08/04 08:28:12] Couldn't find clone name 1691111750772 or no existing clone
[FATAL]-[2023/08/04 08:28:13] Couldn't find clone name 1691111750772 or no existing clone
[FATAL]-[2023/08/04 08:28:13] Couldn't find clone name 1691111750772 or no existing clone
[FATAL]-[2023/08/04 08:28:13] Couldn't find clone name 1691111750772 or no existing clone
[FATAL]-[2023/08/04 08:28:14] Couldn't find clone name 1691111750772 or no existing clone
[FATAL]-[2023/08/04 08:28:14] Couldn't find clone name 1691111750772 or no existing clone
[FATAL]-[2023/08/04 08:28:14] Couldn't find clone name 1691111750772 or no existing clone
[FATAL]-[2023/08/04 08:28:14] Couldn't find clone name 1691111750772 or no existing clone
[FATAL]-[2023/08/04 08:28:15] Couldn't find clone name 1691111750772 or no existing clone
[FATAL]-[2023/08/04 08:28:16] Couldn't find clone name 1691111750772 or no existing clone
[FATAL]-[2023/08/04 08:28:16] Couldn't find clone name 1691111750772 or no existing clone
[FATAL]-[2023/08/04 08:28:16] Couldn't find clone name 1691111750772 or no existing clone
[FATAL]-[2023/08/04 08:28:17] Couldn't find clone name 1691111750772 or no existing clone
[FATAL]-[2023/08/04 08:28:17] Couldn't find clone name 1691111750772 or no existing clone
[FATAL]-[2023/08/04 08:28:17] Couldn't find clone name 1691111750772 or no existing clone
[FATAL]-[2023/08/04 08:28:18] Couldn't find clone name 1691111750772 or no existing clone
[FATAL]-[2023/08/04 08:28:18] Couldn't find clone name 1691111750772 or no existing clone
[FATAL]-[2023/08/04 08:28:18] Couldn't find clone name 1691111750772 or no existing clone
[FATAL]-[2023/08/04 08:28:19] Couldn't find clone name 1691111750772 or no existing clone
[FATAL]-[2023/08/04 08:28:19] Couldn't find clone name 1691111750772 or no existing clone
[FATAL]-[2023/08/04 08:28:20] Couldn't find clone name 1691111750772 or no existing clone
[FATAL]-[2023/08/04 08:28:20] Couldn't find clone name 1691111750772 or no existing clone
[FATAL]-[2023/08/04 08:28:20] Couldn't find clone name 1691111750772 or no existing clone
[FATAL]-[2023/08/04 08:28:21] Couldn't find clone name 1691111750772 or no existing clone
[FATAL]-[2023/08/04 08:28:21] Couldn't find clone name 1691111750772 or no existing clone
[FATAL]-[2023/08/04 08:28:21] Couldn't find clone name 1691111750772 or no existing clone
[FATAL]-[2023/08/04 08:28:22] Couldn't find clone name 1691111750772 or no existing clone
[FATAL]-[2023/08/04 08:28:22] Couldn't find clone name 1691111750772 or no existing clone
[FATAL]-[2023/08/04 08:28:22] Couldn't find clone name 1691111750772 or no existing clone
[FATAL]-[2023/08/04 08:28:23] Couldn't find clone name 1691111750772 or no existing clone
[FATAL]-[2023/08/04 08:28:23] Couldn't find clone name 1691111750772 or no existing clone
[FATAL]-[2023/08/04 08:28:23] Couldn't find clone name 1691111750772 or no existing clone
[FATAL]-[2023/08/04 08:28:25] Couldn't find clone name 1691111750772 or no existing clone
[FATAL]-[2023/08/04 08:28:25] Couldn't find clone name 1691111750772 or no existing clone
[FATAL]-[2023/08/04 08:28:25] Couldn't find clone name 1691111750772 or no existing clone
[FATAL]-[2023/08/04 08:28:26] Couldn't find clone name 1691111750772 or no existing clone
[FATAL]-[2023/08/04 08:28:26] Couldn't find clone name 1691111750772 or no existing clone
[FATAL]-[2023/08/04 08:28:26] Couldn't find clone name 1691111750772 or no existing clone
[FATAL]-[2023/08/04 08:28:27] Couldn't find clone name 1691111750772 or no existing clone
[FATAL]-[2023/08/04 08:28:27] Couldn't find clone name 1691111750772 or no existing clone
[FATAL]-[2023/08/04 08:28:27] Couldn't find clone name 1691111750772 or no existing clone
[FATAL]-[2023/08/04 08:28:28] Couldn't find clone name 1691111750772 or no existing clone
[FATAL]-[2023/08/04 08:28:28] Couldn't find clone name 1691111750772 or no existing clone
[FATAL]-[2023/08/04 08:28:29] Couldn't find clone name 1691111750772 or no existing clone
[FATAL]-[2023/08/04 08:28:29] Couldn't find clone name 1691111750772 or no existing clone
[FATAL]-[2023/08/04 08:28:29] Couldn't find clone name 1691111750772 or no existing clone
[FATAL]-[2023/08/04 08:28:30] Couldn't find clone name 1691111750772 or no existing clone
[FATAL]-[2023/08/04 08:28:30] Couldn't find clone name 1691111750772 or no existing clone
[FATAL]-[2023/08/04 08:28:30] Couldn't find clone name 1691111750772 or no existing clone
[FATAL]-[2023/08/04 08:28:31] Couldn't find clone name 1691111750772 or no existing clone
[FATAL]-[2023/08/04 08:28:31] Couldn't find clone name 1691111750772 or no existing clone
[FATAL]-[2023/08/04 08:28:32] Couldn't find clone name 1691111750772 or no existing clone
[FATAL]-[2023/08/04 08:28:32] Couldn't find clone name 1691111750772 or no existing clone
[FATAL]-[2023/08/04 08:28:33] Couldn't find clone name 1691111750772 or no existing clone
[FATAL]-[2023/08/04 08:28:33] Couldn't find clone name 1691111750772 or no existing clone
[FATAL]-[2023/08/04 08:28:33] Couldn't find clone name 1691111750772 or no existing clone
[FATAL]-[2023/08/04 08:28:34] Couldn't find clone name 1691111750772 or no existing clone
[FATAL]-[2023/08/04 08:28:34] Couldn't find clone name 1691111750772 or no existing clone
[FATAL]-[2023/08/04 08:28:34] Couldn't find clone name 1691111750772 or no existing clone
[FATAL]-[2023/08/04 08:28:35] Couldn't find clone name 1691111750772 or no existing clone
[FATAL]-[2023/08/04 08:28:35] Couldn't find clone name 1691111750772 or no existing clone
[FATAL]-[2023/08/04 08:28:35] Couldn't find clone name 1691111750772 or no existing clone
[FATAL]-[2023/08/04 08:28:36] Couldn't find clone name 1691111750772 or no existing clone
[FATAL]-[2023/08/04 08:28:36] Couldn't find clone name 1691111750772 or no existing clone
[FATAL]-[2023/08/04 08:28:36] Couldn't find clone name 1691111750772 or no existing clone
[FATAL]-[2023/08/04 08:28:37] Couldn't find clone name 1691111750772 or no existing clone
[FATAL]-[2023/08/04 08:28:37] Couldn't find clone name 1691111750772 or no existing clone
[FATAL]-[2023/08/04 08:28:37] Couldn't find clone name 1691111750772 or no existing clone
[FATAL]-[2023/08/04 08:28:38] Couldn't find clone name 1691111750772 or no existing clone
[FATAL]-[2023/08/04 08:28:38] Couldn't find clone name 1691111750772 or no existing clone
[FATAL]-[2023/08/04 08:28:39] Couldn't find clone name 1691111750772 or no existing clone
[FATAL]-[2023/08/04 08:28:39] Couldn't find clone name 1691111750772 or no existing clone
[FATAL]-[2023/08/04 08:28:39] Couldn't find clone name 1691111750772 or no existing clone
[FATAL]-[2023/08/04 08:28:40] Couldn't find clone name 1691111750772 or no existing clone
[FATAL]-[2023/08/04 08:28:40] Couldn't find clone name 1691111750772 or no existing clone
[FATAL]-[2023/08/04 08:28:41] Couldn't find clone name 1691111750772 or no existing clone
[FATAL]-[2023/08/04 08:28:41] Couldn't find clone name 1691111750772 or no existing clone
[FATAL]-[2023/08/04 08:28:41] Couldn't find clone name 1691111750772 or no existing clone
[FATAL]-[2023/08/04 08:28:41] Couldn't find clone name 1691111750772 or no existing clone
[FATAL]-[2023/08/04 08:28:42] Couldn't find clone name 1691111750772 or no existing clone
[FATAL]-[2023/08/04 08:28:42] Couldn't find clone name 1691111750772 or no existing clone
[FATAL]-[2023/08/04 08:28:43] Couldn't find clone name 1691111750772 or no existing clone
[FATAL]-[2023/08/04 08:28:44] Couldn't find clone name 1691111750772 or no existing clone
[FATAL]-[2023/08/04 08:28:44] Couldn't find clone name 1691111750772 or no existing clone
[FATAL]-[2023/08/04 08:28:44] Couldn't find clone name 1691111750772 or no existing clone
[FATAL]-[2023/08/04 08:28:45] Couldn't find clone name 1691111750772 or no existing clone
[FATAL]-[2023/08/04 08:28:45] Couldn't find clone name 1691111750772 or no existing clone
[FATAL]-[2023/08/04 08:28:45] Couldn't find clone name 1691111750772 or no existing clone
[FATAL]-[2023/08/04 08:28:46] Couldn't find clone name 1691111750772 or no existing clone
[FATAL]-[2023/08/04 08:28:46] Couldn't find clone name 1691111750772 or no existing clone
[FATAL]-[2023/08/04 08:28:46] Couldn't find clone name 1691111750772 or no existing clone
[FATAL]-[2023/08/04 08:28:47] Couldn't find clone name 1691111750772 or no existing clone
[FATAL]-[2023/08/04 08:28:47] Couldn't find clone name 1691111750772 or no existing clone
[FATAL]-[2023/08/04 08:28:48] Couldn't find clone name 1691111750772 or no existing clone
[FATAL]-[2023/08/04 08:28:48] Couldn't find clone name 1691111750772 or no existing clone
[FATAL]-[2023/08/04 08:28:49] Couldn't find clone name 1691111750772 or no existing clone
[FATAL]-[2023/08/04 08:28:50] Couldn't find clone name 1691111750772 or no existing clone
[FATAL]-[2023/08/04 08:28:50] Couldn't find clone name 1691111750772 or no existing clone
